<?xml version="1.0" encoding="UTF-8" ?>
<testsuite errors="1" failures="0" hostname="thamazgha-Lenovo-Y50-70" name="test.RunTests" skipped="0" tests="1" time="0.0" timestamp="2018-05-29T14:27:48">
  <properties>
    <property name="java.vendor" value="Oracle Corporation" />
    <property name="env.SESSION_MANAGER" value="local/thamazgha-Lenovo-Y50-70:@/tmp/.ICE-unix/1291,unix/thamazgha-Lenovo-Y50-70:/tmp/.ICE-unix/1291" />
    <property name="env.IM_CONFIG_PHASE" value="1" />
    <property name="env.LESSOPEN" value="| /usr/bin/lesspipe %s" />
    <property name="sun.java.launcher" value="SUN_STANDARD" />
    <property name="env.QT_IM_MODULE" value="ibus" />
    <property name="sun.management.compiler" value="HotSpot 64-Bit Tiered Compilers" />
    <property name="os.name" value="Linux" />
    <property name="sun.boot.class.path" value="/usr/lib/jvm/java-8-oracle/jre/lib/resources.jar:/usr/lib/jvm/java-8-oracle/jre/lib/rt.jar:/usr/lib/jvm/java-8-oracle/jre/lib/sunrsasign.jar:/usr/lib/jvm/java-8-oracle/jre/lib/jsse.jar:/usr/lib/jvm/java-8-oracle/jre/lib/jce.jar:/usr/lib/jvm/java-8-oracle/jre/lib/charsets.jar:/usr/lib/jvm/java-8-oracle/jre/lib/jfr.jar:/usr/lib/jvm/java-8-oracle/jre/classes" />
    <property name="env.PWD" value="/home/thamazgha/git/Dungeon-Master" />
    <property name="sun.desktop" value="gnome" />
    <property name="env.LANG" value="fr_FR.UTF-8" />
    <property name="java.vm.specification.vendor" value="Oracle Corporation" />
    <property name="env.XDG_MENU_PREFIX" value="gnome-" />
    <property name="ant.home" value="/usr/share/ant" />
    <property name="java.runtime.version" value="1.8.0_161-b12" />
    <property name="env.GTK_IM_MODULE" value="ibus" />
    <property name="env.QT_LINUX_ACCESSIBILITY_ALWAYS_ON" value="1" />
    <property name="env.DEFAULTS_PATH" value="/usr/share/gconf/gnome.default.path" />
    <property name="env.XDG_VTNR" value="2" />
    <property name="env.DISPLAY" value=":1" />
    <property name="user.name" value="thamazgha" />
    <property name="env.QT4_IM_MODULE" value="xim" />
    <property name="env.DBUS_STARTER_BUS_TYPE" value="session" />
    <property name="env._" value="/usr/bin/ant" />
    <property name="env.USER" value="thamazgha" />
    <property name="env.SHELL" value="/bin/bash" />
    <property name="ant.file.Dungeon-Master" value="/home/thamazgha/git/Dungeon-Master/build.xml" />
    <property name="env.DESKTOP_SESSION" value="gnome" />
    <property name="env.XDG_DATA_DIRS" value="/usr/share/gnome:/usr/local/share:/usr/share:/var/lib/snapd/desktop:/var/lib/snapd/desktop" />
    <property name="ant.file.type.Dungeon-Master" value="file" />
    <property name="env.PATH" value="/home/thamazgha/bin:/home/thamazgha/.local/bin:/usr/local/sbin:/usr/local/bin:/usr/sbin:/usr/bin:/sbin:/bin:/usr/games:/usr/local/games:/snap/bin:/usr/lib/jvm/java-8-oracle/bin:/usr/lib/jvm/java-8-oracle/db/bin:/usr/lib/jvm/java-8-oracle/jre/bin" />
    <property name="env.XDG_CURRENT_DESKTOP" value="GNOME" />
    <property name="user.language" value="fr" />
    <property name="env.XDG_SESSION_DESKTOP" value="gnome" />
    <property name="sun.boot.library.path" value="/usr/lib/jvm/java-8-oracle/jre/lib/amd64" />
    <property name="ant.project.default-target" value="build" />
    <property name="ant.project.name" value="Dungeon-Master" />
    <property name="java.version" value="1.8.0_161" />
    <property name="user.timezone" value="" />
    <property name="env.DBUS_SESSION_BUS_ADDRESS" value="unix:abstract=/tmp/dbus-OcIAb06Npg,guid=69681273be793ef388a2ed9c5b0d0522" />
    <property name="sun.arch.data.model" value="64" />
    <property name="java.endorsed.dirs" value="/usr/lib/jvm/java-8-oracle/jre/lib/endorsed" />
    <property name="env.DERBY_HOME" value="/usr/lib/jvm/java-8-oracle/db" />
    <property name="sun.cpu.isalist" value="" />
    <property name="sun.jnu.encoding" value="UTF-8" />
    <property name="file.encoding.pkg" value="sun.io" />
    <property name="env.SHLVL" value="2" />
    <property name="ECLIPSE_HOME" value="../../eclipse/java-oxygen/eclipse/" />
    <property name="file.separator" value="/" />
    <property name="java.specification.name" value="Java Platform API Specification" />
    <property name="env.GNOME_DESKTOP_SESSION_ID" value="this-is-deprecated" />
    <property name="java.class.version" value="52.0" />
    <property name="env.GDMSESSION" value="gnome" />
    <property name="user.country" value="FR" />
    <property name="java.home" value="/usr/lib/jvm/java-8-oracle/jre" />
    <property name="java.vm.info" value="mixed mode" />
    <property name="env.LOGNAME" value="thamazgha" />
    <property name="ant.file" value="/home/thamazgha/git/Dungeon-Master/build.xml" />
    <property name="os.version" value="4.13.0-43-generic" />
    <property name="env.J2REDIR" value="/usr/lib/jvm/java-8-oracle/jre" />
    <property name="env.ZEITGEIST_DATA_PATH" value="/home/thamazgha/.local/share/zeitgeist" />
    <property name="path.separator" value=":" />
    <property name="java.vm.version" value="25.161-b12" />
    <property name="ant.library.dir" value="/usr/share/ant/lib" />
    <property name="junit.output.dir" value="junit" />
    <property name="env.XDG_SESSION_TYPE" value="x11" />
    <property name="env.JAVA_HOME" value="/usr/lib/jvm/java-8-oracle" />
    <property name="java.awt.printerjob" value="sun.print.PSPrinterJob" />
    <property name="env.TERM" value="xterm-256color" />
    <property name="sun.io.unicode.encoding" value="UnicodeLittle" />
    <property name="env.WINDOWPATH" value="2" />
    <property name="awt.toolkit" value="sun.awt.X11.XToolkit" />
    <property name="env.XMODIFIERS" value="@im=ibus" />
    <property name="target" value="1.8" />
    <property name="user.home" value="/home/thamazgha" />
    <property name="java.specification.vendor" value="Oracle Corporation" />
    <property name="env.VTE_VERSION" value="4205" />
    <property name="env.WINDOWID" value="33557409" />
    <property name="java.vendor.url" value="http://java.oracle.com/" />
    <property name="java.library.path" value="/usr/java/packages/lib/amd64:/usr/lib64:/lib64:/lib:/usr/lib" />
    <property name="java.vm.vendor" value="Oracle Corporation" />
    <property name="env.XDG_SEAT" value="seat0" />
    <property name="java.runtime.name" value="Java(TM) SE Runtime Environment" />
    <property name="ant.version" value="Apache Ant(TM) version 1.9.6 compiled on July 8 2015" />
    <property name="sun.java.command" value="org.apache.tools.ant.taskdefs.optional.junit.JUnitTestRunner test.RunTests skipNonTests=false filtertrace=true haltOnError=false haltOnFailure=false formatter=org.apache.tools.ant.taskdefs.optional.junit.OutErrSummaryJUnitResultFormatter showoutput=false outputtoformatters=true logfailedtests=true threadid=0 logtestlistenerevents=false formatter=org.apache.tools.ant.taskdefs.optional.junit.XMLJUnitResultFormatter,/home/thamazgha/git/Dungeon-Master/junit/TEST-test.RunTests.xml crashfile=/home/thamazgha/git/Dungeon-Master/junitvmwatcher7887647489111707624.properties propsfile=/home/thamazgha/git/Dungeon-Master/junit4726351355412938301.properties" />
    <property name="java.class.path" value="/home/thamazgha/git/Dungeon-Master/bin:/home/thamazgha/.p2/pool/plugins/org.junit_4.12.0.v201504281640/junit.jar:/home/thamazgha/.p2/pool/plugins/org.hamcrest.core_1.3.0.v201303031735.jar:/usr/share/ant/lib/junit.jar:/usr/share/java/ant-launcher-1.9.6.jar:/usr/share/ant/lib/ant.jar:/usr/share/ant/lib/ant-junit.jar:/usr/share/ant/lib/ant-junit4.jar" />
    <property name="env.XDG_SESSION_ID" value="1" />
    <property name="env.QT_ACCESSIBILITY" value="1" />
    <property name="java.vm.specification.name" value="Java Virtual Machine Specification" />
    <property name="ant.file.type" value="file" />
    <property name="java.vm.specification.version" value="1.8" />
    <property name="sun.os.patch.level" value="unknown" />
    <property name="sun.cpu.endian" value="little" />
    <property name="env.HOME" value="/home/thamazgha" />
    <property name="debuglevel" value="source,lines,vars" />
    <property name="java.io.tmpdir" value="/tmp" />
    <property name="env.LS_COLORS" value="rs=0:di=01;34:ln=01;36:mh=00:pi=40;33:so=01;35:do=01;35:bd=40;33;01:cd=40;33;01:or=40;31;01:mi=00:su=37;41:sg=30;43:ca=30;41:tw=30;42:ow=34;42:st=37;44:ex=01;32:*.tar=01;31:*.tgz=01;31:*.arc=01;31:*.arj=01;31:*.taz=01;31:*.lha=01;31:*.lz4=01;31:*.lzh=01;31:*.lzma=01;31:*.tlz=01;31:*.txz=01;31:*.tzo=01;31:*.t7z=01;31:*.zip=01;31:*.z=01;31:*.Z=01;31:*.dz=01;31:*.gz=01;31:*.lrz=01;31:*.lz=01;31:*.lzo=01;31:*.xz=01;31:*.bz2=01;31:*.bz=01;31:*.tbz=01;31:*.tbz2=01;31:*.tz=01;31:*.deb=01;31:*.rpm=01;31:*.jar=01;31:*.war=01;31:*.ear=01;31:*.sar=01;31:*.rar=01;31:*.alz=01;31:*.ace=01;31:*.zoo=01;31:*.cpio=01;31:*.7z=01;31:*.rz=01;31:*.cab=01;31:*.jpg=01;35:*.jpeg=01;35:*.gif=01;35:*.bmp=01;35:*.pbm=01;35:*.pgm=01;35:*.ppm=01;35:*.tga=01;35:*.xbm=01;35:*.xpm=01;35:*.tif=01;35:*.tiff=01;35:*.png=01;35:*.svg=01;35:*.svgz=01;35:*.mng=01;35:*.pcx=01;35:*.mov=01;35:*.mpg=01;35:*.mpeg=01;35:*.m2v=01;35:*.mkv=01;35:*.webm=01;35:*.ogm=01;35:*.mp4=01;35:*.m4v=01;35:*.mp4v=01;35:*.vob=01;35:*.qt=01;35:*.nuv=01;35:*.wmv=01;35:*.asf=01;35:*.rm=01;35:*.rmvb=01;35:*.flc=01;35:*.avi=01;35:*.fli=01;35:*.flv=01;35:*.gl=01;35:*.dl=01;35:*.xcf=01;35:*.xwd=01;35:*.yuv=01;35:*.cgm=01;35:*.emf=01;35:*.ogv=01;35:*.ogx=01;35:*.aac=00;36:*.au=00;36:*.flac=00;36:*.m4a=00;36:*.mid=00;36:*.midi=00;36:*.mka=00;36:*.mp3=00;36:*.mpc=00;36:*.ogg=00;36:*.ra=00;36:*.wav=00;36:*.oga=00;36:*.opus=00;36:*.spx=00;36:*.xspf=00;36:" />
    <property name="java.vendor.url.bug" value="http://bugreport.sun.com/bugreport/" />
    <property name="env.CLUTTER_IM_MODULE" value="xim" />
    <property name="env.DBUS_STARTER_ADDRESS" value="unix:abstract=/tmp/dbus-OcIAb06Npg,guid=69681273be793ef388a2ed9c5b0d0522" />
    <property name="java.awt.graphicsenv" value="sun.awt.X11GraphicsEnvironment" />
    <property name="os.arch" value="amd64" />
    <property name="java.ext.dirs" value="/usr/lib/jvm/java-8-oracle/jre/lib/ext:/usr/java/packages/lib/ext" />
    <property name="env.XDG_RUNTIME_DIR" value="/run/user/1000" />
    <property name="user.dir" value="/home/thamazgha/git/Dungeon-Master" />
    <property name="env.XAUTHORITY" value="/run/user/1000/gdm/Xauthority" />
    <property name="env.MANDATORY_PATH" value="/usr/share/gconf/gnome.mandatory.path" />
    <property name="env.J2SDKDIR" value="/usr/lib/jvm/java-8-oracle" />
    <property name="env.GTK_MODULES" value="gail:atk-bridge" />
    <property name="line.separator" value="&#xa;" />
    <property name="java.vm.name" value="Java HotSpot(TM) 64-Bit Server VM" />
    <property name="basedir" value="/home/thamazgha/git/Dungeon-Master" />
    <property name="ant.java.version" value="1.8" />
    <property name="ant.core.lib" value="/usr/share/ant/lib/ant.jar" />
    <property name="env.USERNAME" value="thamazgha" />
    <property name="source" value="1.8" />
    <property name="file.encoding" value="UTF-8" />
    <property name="java.specification.version" value="1.8" />
    <property name="ant.project.invoked-targets" value="RunTests" />
    <property name="env.XDG_CONFIG_DIRS" value="/etc/xdg/xdg-gnome:/etc/xdg" />
    <property name="env.LESSCLOSE" value="/usr/bin/lesspipe %s %s" />
  </properties>
  <error message="test.RunTests" type="java.lang.ClassNotFoundException">java.lang.ClassNotFoundException: test.RunTests
	at java.net.URLClassLoader.findClass(URLClassLoader.java:381)
	at java.lang.ClassLoader.loadClass(ClassLoader.java:424)
	at sun.misc.Launcher$AppClassLoader.loadClass(Launcher.java:338)
	at java.lang.ClassLoader.loadClass(ClassLoader.java:357)
	at java.lang.Class.forName0(Native Method)
	at java.lang.Class.forName(Class.java:264)
</error>
  <system-out><![CDATA[]]></system-out>
  <system-err><![CDATA[]]></system-err>
</testsuite>
